Using pre-set license
Built from '2021.3/staging' branch; Version is '2021.3.16f1 (4016570cf34f) revision 4200023'; Using compiler version '192829333'; Build Type 'Release'
OS: 'Windows 11  (10.0.22621) 64bit Professional' Language: 'en' Physical Memory: 65462 MB
BatchMode: 1, IsHumanControllingUs: 0, StartBugReporterOnCrash: 0, Is64bit: 1, IsPro: 1

COMMAND LINE ARGUMENTS:
C:\Program Files\Unity\Hub\Editor\2021.3.16f1\Editor\Unity.exe
-adb2
-batchMode
-noUpm
-name
AssetImportWorker0
-projectPath
C:/Users/40745/Desktop/GameDevHQ Course/Survival Shooter
-logFile
Logs/AssetImportWorker0.log
-srvPort
64447
Successfully changed project path to: C:/Users/40745/Desktop/GameDevHQ Course/Survival Shooter
C:/Users/40745/Desktop/GameDevHQ Course/Survival Shooter
[UnityMemory] Configuration Parameters - Can be set up in boot.config
    "memorysetup-bucket-allocator-granularity=16"
    "memorysetup-bucket-allocator-bucket-count=8"
    "memorysetup-bucket-allocator-block-size=33554432"
    "memorysetup-bucket-allocator-block-count=8"
    "memorysetup-main-allocator-block-size=16777216"
    "memorysetup-thread-allocator-block-size=16777216"
    "memorysetup-gfx-main-allocator-block-size=16777216"
    "memorysetup-gfx-thread-allocator-block-size=16777216"
    "memorysetup-cache-allocator-block-size=4194304"
    "memorysetup-typetree-allocator-block-size=2097152"
    "memorysetup-profiler-bucket-allocator-granularity=16"
    "memorysetup-profiler-bucket-allocator-bucket-count=8"
    "memorysetup-profiler-bucket-allocator-block-size=33554432"
    "memorysetup-profiler-bucket-allocator-block-count=8"
    "memorysetup-profiler-allocator-block-size=16777216"
    "memorysetup-profiler-editor-allocator-block-size=1048576"
    "memorysetup-temp-allocator-size-main=16777216"
    "memorysetup-job-temp-allocator-block-size=2097152"
    "memorysetup-job-temp-allocator-block-size-background=1048576"
    "memorysetup-job-temp-allocator-reduction-small-platforms=262144"
    "memorysetup-temp-allocator-size-background-worker=32768"
    "memorysetup-temp-allocator-size-job-worker=262144"
    "memorysetup-temp-allocator-size-preload-manager=33554432"
    "memorysetup-temp-allocator-size-nav-mesh-worker=65536"
    "memorysetup-temp-allocator-size-audio-worker=65536"
    "memorysetup-temp-allocator-size-cloud-worker=32768"
    "memorysetup-temp-allocator-size-gi-baking-worker=262144"
    "memorysetup-temp-allocator-size-gfx=262144"
Player connection [7236] Host "[IP] 192.168.1.135 [Port] 0 [Flags] 2 [Guid] 2198914671 [EditorId] 2198914671 [Version] 1048832 [Id] WindowsEditor(7,Liviu) [Debug] 1 [PackageName] WindowsEditor [ProjectName] Editor" joined multi-casting on [225.0.0.222:54997]...

Player connection [7236] Host "[IP] 192.168.1.135 [Port] 0 [Flags] 2 [Guid] 2198914671 [EditorId] 2198914671 [Version] 1048832 [Id] WindowsEditor(7,Liviu) [Debug] 1 [PackageName] WindowsEditor [ProjectName] Editor" joined alternative multi-casting on [225.0.0.222:34997]...

Refreshing native plugins compatible for Editor in 130.47 ms, found 3 plugins.
Preloading 0 native plugins for Editor in 0.00 ms.
Initialize engine version: 2021.3.16f1 (4016570cf34f)
[Subsystems] Discovering subsystems at path C:/Program Files/Unity/Hub/Editor/2021.3.16f1/Editor/Data/Resources/UnitySubsystems
[Subsystems] Discovering subsystems at path C:/Users/40745/Desktop/GameDevHQ Course/Survival Shooter/Assets
GfxDevice: creating device client; threaded=0; jobified=0
Direct3D:
    Version:  Direct3D 11.0 [level 11.1]
    Renderer: NVIDIA GeForce RTX 3060 (ID=0x2487)
    Vendor:   NVIDIA
    VRAM:     12137 MB
    Driver:   31.0.15.1694
Initialize mono
Mono path[0] = 'C:/Program Files/Unity/Hub/Editor/2021.3.16f1/Editor/Data/Managed'
Mono path[1] = 'C:/Program Files/Unity/Hub/Editor/2021.3.16f1/Editor/Data/MonoBleedingEdge/lib/mono/unityjit-win32'
Mono config path = 'C:/Program Files/Unity/Hub/Editor/2021.3.16f1/Editor/Data/MonoBleedingEdge/etc'
Using monoOptions --debugger-agent=transport=dt_socket,embedding=1,server=y,suspend=n,address=127.0.0.1:56536
Begin MonoManager ReloadAssembly
Registering precompiled unity dll's ...
Register platform support module: C:/Program Files/Unity/Hub/Editor/2021.3.16f1/Editor/Data/PlaybackEngines/WebGLSupport/UnityEditor.WebGL.Extensions.dll
Register platform support module: C:/Program Files/Unity/Hub/Editor/2021.3.16f1/Editor/Data/PlaybackEngines/AndroidPlayer/UnityEditor.Android.Extensions.dll
Register platform support module: C:/Program Files/Unity/Hub/Editor/2021.3.16f1/Editor/Data/PlaybackEngines/iOSSupport/UnityEditor.iOS.Extensions.dll
Register platform support module: C:/Program Files/Unity/Hub/Editor/2021.3.16f1/Editor/Data/PlaybackEngines/WindowsStandaloneSupport/UnityEditor.WindowsStandalone.Extensions.dll
Registered in 0.006844 seconds.
Native extension for WindowsStandalone target not found
[usbmuxd] Start listen thread
[usbmuxd] Listen thread started
[usbmuxd] Send listen message
Native extension for iOS target not found
Native extension for Android target not found
Native extension for WebGL target not found
Refreshing native plugins compatible for Editor in 110.48 ms, found 3 plugins.
Preloading 0 native plugins for Editor in 0.00 ms.
Mono: successfully reloaded assembly
- Completed reload, in  0.646 seconds
Domain Reload Profiling:
	ReloadAssembly (646ms)
		BeginReloadAssembly (78ms)
			ExecutionOrderSort (0ms)
			DisableScriptedObjects (0ms)
			BackupInstance (0ms)
			ReleaseScriptingObjects (0ms)
			CreateAndSetChildDomain (1ms)
		EndReloadAssembly (469ms)
			LoadAssemblies (78ms)
			RebuildTransferFunctionScriptingTraits (0ms)
			SetupTypeCache (112ms)
			ReleaseScriptCaches (0ms)
			RebuildScriptCaches (21ms)
			SetupLoadedEditorAssemblies (290ms)
				LogAssemblyErrors (0ms)
				InitializePlatformSupportModulesInManaged (55ms)
				SetLoadedEditorAssemblies (0ms)
				RefreshPlugins (111ms)
				BeforeProcessingInitializeOnLoad (1ms)
				ProcessInitializeOnLoadAttributes (87ms)
				ProcessInitializeOnLoadMethodAttributes (36ms)
				AfterProcessingInitializeOnLoad (0ms)
				EditorAssembliesLoaded (0ms)
			ExecutionOrderSort2 (0ms)
			AwakeInstancesAfterBackupRestoration (0ms)
Platform modules already initialized, skipping
Registering precompiled user dll's ...
Registered in 0.008922 seconds.
Begin MonoManager ReloadAssembly
Symbol file LoadedFromMemory doesn't match image C:\Users\40745\Desktop\GameDevHQ Course\Survival Shooter\Library\PackageCache\com.unity.visualscripting@1.7.8\Editor\VisualScripting.Core\Dependencies\YamlDotNet\Unity.VisualScripting.YamlDotNet.dll
Symbol file LoadedFromMemory doesn't match image C:\Users\40745\Desktop\GameDevHQ Course\Survival Shooter\Library\PackageCache\com.unity.visualscripting@1.7.8\Editor\VisualScripting.Core\Dependencies\DotNetZip\Unity.VisualScripting.IonicZip.dll
Native extension for WindowsStandalone target not found
Native extension for iOS target not found
Native extension for Android target not found
Native extension for WebGL target not found
Refreshing native plugins compatible for Editor in 124.55 ms, found 3 plugins.
Preloading 0 native plugins for Editor in 0.00 ms.
Mono: successfully reloaded assembly
- Completed reload, in  2.697 seconds
Domain Reload Profiling:
	ReloadAssembly (2698ms)
		BeginReloadAssembly (205ms)
			ExecutionOrderSort (0ms)
			DisableScriptedObjects (5ms)
			BackupInstance (0ms)
			ReleaseScriptingObjects (0ms)
			CreateAndSetChildDomain (129ms)
		EndReloadAssembly (2400ms)
			LoadAssemblies (87ms)
			RebuildTransferFunctionScriptingTraits (0ms)
			SetupTypeCache (342ms)
			ReleaseScriptCaches (1ms)
			RebuildScriptCaches (95ms)
			SetupLoadedEditorAssemblies (1831ms)
				LogAssemblyErrors (0ms)
				InitializePlatformSupportModulesInManaged (19ms)
				SetLoadedEditorAssemblies (0ms)
				RefreshPlugins (125ms)
				BeforeProcessingInitializeOnLoad (124ms)
				ProcessInitializeOnLoadAttributes (327ms)
				ProcessInitializeOnLoadMethodAttributes (1229ms)
				AfterProcessingInitializeOnLoad (6ms)
				EditorAssembliesLoaded (0ms)
			ExecutionOrderSort2 (0ms)
			AwakeInstancesAfterBackupRestoration (5ms)
Platform modules already initialized, skipping
========================================================================
Worker process is ready to serve import requests
Launched and connected shader compiler UnityShaderCompiler.exe after 0.04 seconds
Refreshing native plugins compatible for Editor in 1.31 ms, found 3 plugins.
Preloading 0 native plugins for Editor in 0.00 ms.
Unloading 6535 Unused Serialized files (Serialized files now loaded: 0)
Unloading 67 unused Assets / (3.9 MB). Loaded Objects now: 6986.
Memory consumption went from 391.7 MB to 387.9 MB.
Total: 5.882900 ms (FindLiveObjects: 0.636400 ms CreateObjectMapping: 0.302600 ms MarkObjects: 3.720000 ms  DeleteObjects: 1.222800 ms)

AssetImportParameters requested are different than current active one (requested -> active):
  custom:video-decoder-ogg-theora: a1e56fd34408186e4bbccfd4996cb3dc -> 
  custom:container-muxer-webm: aa71ff27fc2769a1b78a27578f13a17b -> 
  custom:container-demuxer-webm: 4f35f7cbe854078d1ac9338744f61a02 -> 
  custom:video-encoder-webm-vp8: eb34c28f22e8b96e1ab97ce403110664 -> 
  custom:audio-encoder-webm-vorbis: bf7c407c2cedff20999df2af8eb42d56 -> 
  custom:framework-win-MediaFoundation: 216162199b28c13a410421893ffa2e32 -> 
  custom:container-demuxer-ogg: 62fdf1f143b41e24485cea50d1cbac27 -> 
  custom:video-decoder-webm-vp8: 9c59270c3fd7afecdb556c50c9e8de78 -> 
  custom:audio-decoder-ogg-vorbis: bf7c407c2cedff20999df2af8eb42d56 -> 
========================================================================
Received Import Request.
  Time since last request: 104836.947910 seconds.
  path: Assets/Day-Night Skyboxes/Materials/Night.cubemap
  artifactKey: Guid(8dc9c355d8511fa4eab0f155eab7781a) Importer(815301076,1909f56bfc062723c751e8b465ee728b)
Start importing Assets/Day-Night Skyboxes/Materials/Night.cubemap using Guid(8dc9c355d8511fa4eab0f155eab7781a) Importer(815301076,1909f56bfc062723c751e8b465ee728b)  -> (artifact id: 'bdc5ae1d8a9119d1c7982ddf28be963e') in 1.496536 seconds 
========================================================================
Received Import Request.
  Time since last request: 3.855933 seconds.
  path: Assets/Day-Night Skyboxes/Textures
  artifactKey: Guid(40e52b2b2c0516f4ba5f91a735c978a2) Importer(815301076,1909f56bfc062723c751e8b465ee728b)
Start importing Assets/Day-Night Skyboxes/Textures using Guid(40e52b2b2c0516f4ba5f91a735c978a2) Importer(815301076,1909f56bfc062723c751e8b465ee728b)  -> (artifact id: '5bd8a574120fb54cd69276b8cd7bfe29') in 0.001472 seconds 
========================================================================
Received Import Request.
  Time since last request: 28.099344 seconds.
  path: Assets/Day-Night Skyboxes/Textures/SkyEarlyDusk_Back.png
  artifactKey: Guid(675b7eb08655ed44d87fc86d2d5cb154) Importer(815301076,1909f56bfc062723c751e8b465ee728b)
Start importing Assets/Day-Night Skyboxes/Textures/SkyEarlyDusk_Back.png using Guid(675b7eb08655ed44d87fc86d2d5cb154) Importer(815301076,1909f56bfc062723c751e8b465ee728b)  -> (artifact id: 'ad9b074a698aafd6819980f9ad8e9b59') in 0.012031 seconds 
========================================================================
Received Import Request.
  Time since last request: 2.440726 seconds.
  path: Assets/Day-Night Skyboxes/Textures/SkyEarlyDusk_Front.png
  artifactKey: Guid(03d88a9245522804b93d275a99ae6f6a) Importer(815301076,1909f56bfc062723c751e8b465ee728b)
Start importing Assets/Day-Night Skyboxes/Textures/SkyEarlyDusk_Front.png using Guid(03d88a9245522804b93d275a99ae6f6a) Importer(815301076,1909f56bfc062723c751e8b465ee728b)  -> (artifact id: 'd924e2e5aa91d4d109090e1415bc7fe4') in 0.006953 seconds 
========================================================================
Received Import Request.
  Time since last request: 4.222834 seconds.
  path: Assets/Day-Night Skyboxes/Textures/SkyEarlyDusk_Front.png
  artifactKey: Guid(03d88a9245522804b93d275a99ae6f6a) Importer(815301076,1909f56bfc062723c751e8b465ee728b)
Start importing Assets/Day-Night Skyboxes/Textures/SkyEarlyDusk_Front.png using Guid(03d88a9245522804b93d275a99ae6f6a) Importer(815301076,1909f56bfc062723c751e8b465ee728b)  -> (artifact id: '602a433e76b597b07c78560716e4f38e') in 0.007011 seconds 
========================================================================
Received Import Request.
  Time since last request: 1.701616 seconds.
  path: Assets/Day-Night Skyboxes/Textures/SkyEarlyDusk_Back.png
  artifactKey: Guid(675b7eb08655ed44d87fc86d2d5cb154) Importer(815301076,1909f56bfc062723c751e8b465ee728b)
Start importing Assets/Day-Night Skyboxes/Textures/SkyEarlyDusk_Back.png using Guid(675b7eb08655ed44d87fc86d2d5cb154) Importer(815301076,1909f56bfc062723c751e8b465ee728b)  -> (artifact id: 'c323a978ac28468f8903586e37e0470b') in 0.005020 seconds 
========================================================================
Received Import Request.
  Time since last request: 0.633140 seconds.
  path: Assets/Day-Night Skyboxes/Textures/SkyEarlyDusk_Bottom.png
  artifactKey: Guid(3b39cd44ada2c7e4582ffc0d367906f6) Importer(815301076,1909f56bfc062723c751e8b465ee728b)
Start importing Assets/Day-Night Skyboxes/Textures/SkyEarlyDusk_Bottom.png using Guid(3b39cd44ada2c7e4582ffc0d367906f6) Importer(815301076,1909f56bfc062723c751e8b465ee728b)  -> (artifact id: 'c982771858bac900e0569eac5c074158') in 0.005297 seconds 
========================================================================
Received Import Request.
  Time since last request: 0.842521 seconds.
  path: Assets/Day-Night Skyboxes/Textures/SkyEarlyDusk_Left.png
  artifactKey: Guid(8733101b6a14ca740b346255c2d3f21f) Importer(815301076,1909f56bfc062723c751e8b465ee728b)
Start importing Assets/Day-Night Skyboxes/Textures/SkyEarlyDusk_Left.png using Guid(8733101b6a14ca740b346255c2d3f21f) Importer(815301076,1909f56bfc062723c751e8b465ee728b)  -> (artifact id: '238432bf9277a59630cb1885c0efed83') in 0.005667 seconds 
========================================================================
Received Import Request.
  Time since last request: 0.572605 seconds.
  path: Assets/Day-Night Skyboxes/Textures/SkyEarlyDusk_Top.png
  artifactKey: Guid(9d95a22c05b30774fa8556489f0c5561) Importer(815301076,1909f56bfc062723c751e8b465ee728b)
Start importing Assets/Day-Night Skyboxes/Textures/SkyEarlyDusk_Top.png using Guid(9d95a22c05b30774fa8556489f0c5561) Importer(815301076,1909f56bfc062723c751e8b465ee728b)  -> (artifact id: 'd270c1c746c189ca0493799b3c02a82a') in 0.005751 seconds 
========================================================================
Received Import Request.
  Time since last request: 10.508274 seconds.
  path: Assets/Day-Night Skyboxes/Materials/Night.cubemap
  artifactKey: Guid(8dc9c355d8511fa4eab0f155eab7781a) Importer(815301076,1909f56bfc062723c751e8b465ee728b)
Start importing Assets/Day-Night Skyboxes/Materials/Night.cubemap using Guid(8dc9c355d8511fa4eab0f155eab7781a) Importer(815301076,1909f56bfc062723c751e8b465ee728b)  -> (artifact id: '3ca2c38805158f6a3fcef79086afbe0a') in 0.205505 seconds 
========================================================================
Received Import Request.
  Time since last request: 6.755850 seconds.
  path: Assets/Day-Night Skyboxes/Materials/Night.cubemap
  artifactKey: Guid(8dc9c355d8511fa4eab0f155eab7781a) Importer(815301076,1909f56bfc062723c751e8b465ee728b)
Start importing Assets/Day-Night Skyboxes/Materials/Night.cubemap using Guid(8dc9c355d8511fa4eab0f155eab7781a) Importer(815301076,1909f56bfc062723c751e8b465ee728b)  -> (artifact id: 'a305b961bd114709e63f7a6f65625cb7') in 0.014205 seconds 
========================================================================
Received Import Request.
  Time since last request: 2.879363 seconds.
  path: Assets/Scenes
  artifactKey: Guid(6ea315d0fd7389c41b19996891e99ae3) Importer(815301076,1909f56bfc062723c751e8b465ee728b)
Start importing Assets/Scenes using Guid(6ea315d0fd7389c41b19996891e99ae3) Importer(815301076,1909f56bfc062723c751e8b465ee728b)  -> (artifact id: 'b8193726cff86800c54781cdc6d54904') in 0.001402 seconds 
========================================================================
Received Import Request.
  Time since last request: 2.201224 seconds.
  path: Assets/Scenes/MainScene.unity
  artifactKey: Guid(c04b7b7d429591243a1adc063c833f2a) Importer(815301076,1909f56bfc062723c751e8b465ee728b)
Start importing Assets/Scenes/MainScene.unity using Guid(c04b7b7d429591243a1adc063c833f2a) Importer(815301076,1909f56bfc062723c751e8b465ee728b)  -> (artifact id: 'be5e21844807323f45b1413194a9b92d') in 0.002480 seconds 
